[0.012s] Invoking command in '/home/dministrator/myPro_c/ros2_ws/src/build/try_node': CMAKE_PREFIX_PATH=${CMAKE_PREFIX_PATH}:/opt/ros/jazzy CONDA_PROMPT_MODIFIER=(base) /usr/bin/cmake /home/dministrator/myPro_c/ros2_ws/src/try_node -DCMAKE_INSTALL_PREFIX=/home/dministrator/myPro_c/ros2_ws/src/install/try_node
[0.108s] -- Found ament_cmake: 2.5.4 (/opt/ros/jazzy/share/ament_cmake/cmake)
[0.380s] -- Found rclcpp: 28.1.12 (/opt/ros/jazzy/share/rclcpp/cmake)
[0.475s] -- Found rosidl_generator_c: 4.6.6 (/opt/ros/jazzy/share/rosidl_generator_c/cmake)
[0.487s] -- Found rosidl_generator_cpp: 4.6.6 (/opt/ros/jazzy/share/rosidl_generator_cpp/cmake)
[0.503s] -- Using all available rosidl_typesupport_c: rosidl_typesupport_fastrtps_c;rosidl_typesupport_introspection_c
[0.522s] -- Using all available rosidl_typesupport_cpp: rosidl_typesupport_fastrtps_cpp;rosidl_typesupport_introspection_cpp
[0.591s] -- Found rmw_implementation_cmake: 7.3.2 (/opt/ros/jazzy/share/rmw_implementation_cmake/cmake)
[0.594s] -- Found rmw_fastrtps_cpp: 8.4.3 (/opt/ros/jazzy/share/rmw_fastrtps_cpp/cmake)
[0.706s] -- Using RMW implementation 'rmw_fastrtps_cpp' as default
[0.802s] -- Found std_msgs: 5.3.6 (/opt/ros/jazzy/share/std_msgs/cmake)
[0.821s] -- Found ament_lint_auto: 0.17.3 (/opt/ros/jazzy/share/ament_lint_auto/cmake)
[0.917s] -- Added test 'copyright' to check source files copyright and LICENSE
[0.918s] -- Added test 'cppcheck' to perform static code analysis on C / C++ code
[0.919s] -- Configured cppcheck include dirs: 
[0.919s] -- Configured cppcheck exclude dirs and/or files: 
[0.919s] -- Added test 'cpplint' to check C / C++ code against the Google style
[0.919s] -- Configured cpplint exclude dirs and/or files: 
[0.920s] -- Added test 'lint_cmake' to check CMake code style
[0.921s] -- Added test 'uncrustify' to check C / C++ code style
[0.921s] -- Configured uncrustify additional arguments: 
[0.921s] -- Added test 'xmllint' to check XML markup files
[0.922s] -- Configuring done (0.8s)
[0.939s] -- Generating done (0.0s)
[0.943s] -- Build files have been written to: /home/dministrator/myPro_c/ros2_ws/src/build/try_node
[0.955s] Invoked command in '/home/dministrator/myPro_c/ros2_ws/src/build/try_node' returned '0': CMAKE_PREFIX_PATH=${CMAKE_PREFIX_PATH}:/opt/ros/jazzy CONDA_PROMPT_MODIFIER=(base) /usr/bin/cmake /home/dministrator/myPro_c/ros2_ws/src/try_node -DCMAKE_INSTALL_PREFIX=/home/dministrator/myPro_c/ros2_ws/src/install/try_node
[0.956s] Invoking command in '/home/dministrator/myPro_c/ros2_ws/src/build/try_node': CMAKE_PREFIX_PATH=${CMAKE_PREFIX_PATH}:/opt/ros/jazzy CONDA_PROMPT_MODIFIER=(base) /usr/bin/cmake --build /home/dministrator/myPro_c/ros2_ws/src/build/try_node -- -j16 -l16
[0.996s] [ 50%] [32mBuilding CXX object CMakeFiles/publisher_node.dir/src/publisher_node.cpp.o[0m
[0.996s] [ 50%] [32mBuilding CXX object CMakeFiles/subscriber_node.dir/src/subscribe_node.cpp.o[0m
[3.142s] [01m[K/home/dministrator/myPro_c/ros2_ws/src/try_node/src/publisher_node.cpp:57:2:[m[K [01;31m[Kerror: [m[Kâ€˜[01m[Ksubscribe_node[m[Kâ€™ does not name a type
[3.142s]    57 | }[01;31m[Ksubscribe_node[m[K.cpp
[3.142s]       |  [01;31m[K^~~~~~~~~~~~~~[m[K
[4.002s] gmake[2]: *** [CMakeFiles/publisher_node.dir/build.make:76: CMakeFiles/publisher_node.dir/src/publisher_node.cpp.o] Error 1
[4.002s] gmake[1]: *** [CMakeFiles/Makefile2:139: CMakeFiles/publisher_node.dir/all] Error 2
[4.002s] gmake[1]: *** Waiting for unfinished jobs....
[7.092s] [ 75%] [32m[1mLinking CXX executable subscriber_node[0m
[7.385s] [ 75%] Built target subscriber_node
[7.386s] gmake: *** [Makefile:146: all] Error 2
[7.388s] Invoked command in '/home/dministrator/myPro_c/ros2_ws/src/build/try_node' returned '2': CMAKE_PREFIX_PATH=${CMAKE_PREFIX_PATH}:/opt/ros/jazzy CONDA_PROMPT_MODIFIER=(base) /usr/bin/cmake --build /home/dministrator/myPro_c/ros2_ws/src/build/try_node -- -j16 -l16
