[0.008s] Invoking command in '/home/dministrator/myPro_c/ros2_ws/build/try_node': CMAKE_PREFIX_PATH=${CMAKE_PREFIX_PATH}:/opt/ros/jazzy CONDA_PROMPT_MODIFIER=(base) /usr/bin/cmake --build /home/dministrator/myPro_c/ros2_ws/build/try_node -- -j16 -l16
[0.027s] -- Found ament_cmake: 2.5.4 (/opt/ros/jazzy/share/ament_cmake/cmake)
[0.178s] -- Found rclcpp: 28.1.12 (/opt/ros/jazzy/share/rclcpp/cmake)
[0.244s] -- Found rosidl_generator_c: 4.6.6 (/opt/ros/jazzy/share/rosidl_generator_c/cmake)
[0.250s] -- Found rosidl_generator_cpp: 4.6.6 (/opt/ros/jazzy/share/rosidl_generator_cpp/cmake)
[0.258s] -- Using all available rosidl_typesupport_c: rosidl_typesupport_fastrtps_c;rosidl_typesupport_introspection_c
[0.268s] -- Using all available rosidl_typesupport_cpp: rosidl_typesupport_fastrtps_cpp;rosidl_typesupport_introspection_cpp
[0.313s] -- Found rmw_implementation_cmake: 7.3.2 (/opt/ros/jazzy/share/rmw_implementation_cmake/cmake)
[0.314s] -- Found rmw_fastrtps_cpp: 8.4.3 (/opt/ros/jazzy/share/rmw_fastrtps_cpp/cmake)
[0.401s] -- Using RMW implementation 'rmw_fastrtps_cpp' as default
[0.485s] -- Found std_msgs: 5.3.6 (/opt/ros/jazzy/share/std_msgs/cmake)
[0.495s] -- Found ament_lint_auto: 0.17.3 (/opt/ros/jazzy/share/ament_lint_auto/cmake)
[0.576s] -- Added test 'copyright' to check source files copyright and LICENSE
[0.582s] -- Added test 'cppcheck' to perform static code analysis on C / C++ code
[0.582s] -- Configured cppcheck include dirs: /home/dministrator/myPro_c/ros2_ws/src/try_node/include/cpp-httplib
[0.582s] -- Configured cppcheck exclude dirs and/or files: 
[0.588s] -- Added test 'cpplint' to check C / C++ code against the Google style
[0.588s] -- Configured cpplint exclude dirs and/or files: 
[0.589s] -- Added test 'flake8' to check Python code syntax and style conventions
[0.589s] -- Configured 'flake8' exclude dirs and/or files: 
[0.591s] -- Added test 'lint_cmake' to check CMake code style
[0.592s] -- Added test 'pep257' to check Python code against some of the docstring style conventions in PEP 257
[0.598s] -- Added test 'uncrustify' to check C / C++ code style
[0.598s] -- Configured uncrustify additional arguments: 
[0.599s] -- Added test 'xmllint' to check XML markup files
[0.599s] -- Configuring done (0.6s)
[0.612s] -- Generating done (0.0s)
[0.618s] -- Build files have been written to: /home/dministrator/myPro_c/ros2_ws/build/try_node
[0.645s] [ 12%] [32mBuilding CXX object CMakeFiles/learn_thread.dir/src/learn_thread.cpp.o[0m
[0.647s] [ 25%] [32mBuilding CXX object CMakeFiles/learn_functional.dir/src/learn_functional.cpp.o[0m
[0.651s] [ 50%] [32mBuilding CXX object CMakeFiles/publisher_node.dir/src/publisher_node.cpp.o[0m
[0.651s] [ 50%] [32mBuilding CXX object CMakeFiles/subscriber_node.dir/src/subscribe_node.cpp.o[0m
[0.689s] [01m[K/home/dministrator/myPro_c/ros2_ws/src/try_node/src/learn_thread.cpp:5:10:[m[K [01;31m[Kfatal error: [m[Kcpp_httplib/httplib.h: No such file or directory
[0.689s]     5 | #include [01;31m[K"cpp_httplib/httplib.h"[m[K
[0.689s]       |          [01;31m[K^~~~~~~~~~~~~~~~~~~~~~~[m[K
[0.689s] compilation terminated.
[0.691s] gmake[2]: *** [CMakeFiles/learn_thread.dir/build.make:76: CMakeFiles/learn_thread.dir/src/learn_thread.cpp.o] Error 1
[0.691s] gmake[1]: *** [CMakeFiles/Makefile2:221: CMakeFiles/learn_thread.dir/all] Error 2
[0.691s] gmake[1]: *** Waiting for unfinished jobs....
[0.946s] [ 62%] [32m[1mLinking CXX executable learn_functional[0m
[1.035s] [ 62%] Built target learn_functional
[3.998s] [ 75%] [32m[1mLinking CXX executable publisher_node[0m
[4.144s] [ 75%] Built target publisher_node
[6.176s] [ 87%] [32m[1mLinking CXX executable subscriber_node[0m
[6.390s] [ 87%] Built target subscriber_node
[6.391s] gmake: *** [Makefile:146: all] Error 2
[6.392s] Invoked command in '/home/dministrator/myPro_c/ros2_ws/build/try_node' returned '2': CMAKE_PREFIX_PATH=${CMAKE_PREFIX_PATH}:/opt/ros/jazzy CONDA_PROMPT_MODIFIER=(base) /usr/bin/cmake --build /home/dministrator/myPro_c/ros2_ws/build/try_node -- -j16 -l16
