[ 25%] Built target learn_functional
[ 50%] Built target subscriber_node
[ 75%] Built target publisher_node
[ 87%] [32mBuilding CXX object CMakeFiles/learn_thread.dir/src/learn_thread.cpp.o[0m
[01m[K/home/dministrator/myPro_c/ros2_ws/src/try_node/src/learn_thread.cpp:[m[K In function â€˜[01m[Kint[01;32m[K main[m[K()[m[Kâ€™:
[01m[K/home/dministrator/myPro_c/ros2_ws/src/try_node/src/learn_thread.cpp:35:5:[m[K [01;31m[Kerror: [m[Kexpected â€˜[01m[K,[m[Kâ€™ or â€˜[01m[K;[m[Kâ€™ before â€˜[01m[Kd[m[Kâ€™
   35 |     [01;31m[Kd[m[K.start_download("http://0.0.0.0:8000","/novel1.txt",word_count);
      |     [01;31m[K^[m[K
gmake[2]: *** [CMakeFiles/learn_thread.dir/build.make:76: CMakeFiles/learn_thread.dir/src/learn_thread.cpp.o] Error 1
gmake[1]: *** [CMakeFiles/Makefile2:221: CMakeFiles/learn_thread.dir/all] Error 2
gmake: *** [Makefile:146: all] Error 2
